[0.027s] Invoking command in '/ros2_ws/ros2_docker_ur5/build/robotiq_controllers': CMAKE_PREFIX_PATH=${CMAKE_PREFIX_PATH}:/opt/ros/humble /usr/bin/cmake /ros2_ws/ros2_docker_ur5/src/ros2_robotiq_gripper/robotiq_controllers -DCMAKE_INSTALL_PREFIX=/ros2_ws/ros2_docker_ur5/install/robotiq_controllers
[0.080s] -- The C compiler identification is GNU 11.4.0
[0.123s] -- The CXX compiler identification is GNU 11.4.0
[0.128s] -- Detecting C compiler ABI info
[0.182s] -- Detecting C compiler ABI info - done
[0.191s] -- Check for working C compiler: /usr/bin/cc - skipped
[0.191s] -- Detecting C compile features
[0.191s] -- Detecting C compile features - done
[0.194s] -- Detecting CXX compiler ABI info
[0.257s] -- Detecting CXX compiler ABI info - done
[0.263s] -- Check for working CXX compiler: /usr/bin/c++ - skipped
[0.263s] -- Detecting CXX compile features
[0.263s] -- Detecting CXX compile features - done
[0.267s] -- Found ament_cmake: 1.3.12 (/opt/ros/humble/share/ament_cmake/cmake)
[0.368s] -- Found Python3: /usr/bin/python3 (found version "3.10.12") found components: Interpreter 
[0.461s] -- Found controller_interface: 2.52.2 (/opt/ros/humble/share/controller_interface/cmake)
[0.511s] -- Found rosidl_generator_c: 3.1.7 (/opt/ros/humble/share/rosidl_generator_c/cmake)
[0.518s] -- Found rosidl_adapter: 3.1.7 (/opt/ros/humble/share/rosidl_adapter/cmake)
[0.528s] -- Found rosidl_generator_cpp: 3.1.7 (/opt/ros/humble/share/rosidl_generator_cpp/cmake)
[0.542s] -- Using all available rosidl_typesupport_c: rosidl_typesupport_fastrtps_c;rosidl_typesupport_introspection_c
[0.562s] -- Using all available rosidl_typesupport_cpp: rosidl_typesupport_fastrtps_cpp;rosidl_typesupport_introspection_cpp
[0.767s] -- Found rmw_implementation_cmake: 6.1.2 (/opt/ros/humble/share/rmw_implementation_cmake/cmake)
[0.772s] -- Found rmw_fastrtps_cpp: 6.2.9 (/opt/ros/humble/share/rmw_fastrtps_cpp/cmake)
[0.809s] -- Found TinyXML2 via Config file: TinyXML2_DIR-NOTFOUND
[0.856s] -- Found OpenSSL: /usr/lib/x86_64-linux-gnu/libcrypto.so (found version "3.0.2")  
[0.859s] -- Found TinyXML2 via Config file: TinyXML2_DIR-NOTFOUND
[0.869s] -- Found FastRTPS: /opt/ros/humble/include  
[0.872s] -- Found TinyXML2 via Config file: TinyXML2_DIR-NOTFOUND
[0.878s] -- Found TinyXML2 via Config file: TinyXML2_DIR-NOTFOUND
[0.886s] -- Using RMW implementation 'rmw_fastrtps_cpp' as default
[0.901s] -- Looking for pthread.h
[0.957s] -- Looking for pthread.h - found
[0.957s] -- Performing Test CMAKE_HAVE_LIBC_PTHREAD
[1.018s] -- Performing Test CMAKE_HAVE_LIBC_PTHREAD - Success
[1.018s] -- Found Threads: TRUE  
[1.080s] -- Found std_srvs: 4.9.0 (/opt/ros/humble/share/std_srvs/cmake)
[1.096s] -- Found ament_lint_auto: 0.12.14 (/opt/ros/humble/share/ament_lint_auto/cmake)
[1.170s] -- Added test 'cppcheck' to perform static code analysis on C / C++ code
[1.170s] -- Configured cppcheck include dirs: /ros2_ws/ros2_docker_ur5/src/ros2_robotiq_gripper/robotiq_controllers/include
[1.170s] -- Configured cppcheck exclude dirs and/or files: 
[1.171s] -- Added test 'lint_cmake' to check CMake code style
[1.177s] -- Configuring done
[1.193s] -- Generating done
[1.197s] -- Build files have been written to: /ros2_ws/ros2_docker_ur5/build/robotiq_controllers
