[0.023s] Invoking command in '/ros2_ws/ros2_docker_ur5/build/robotiq_driver': CMAKE_PREFIX_PATH=${CMAKE_PREFIX_PATH}:/opt/ros/humble /usr/bin/cmake /ros2_ws/ros2_docker_ur5/src/ros2_robotiq_gripper/robotiq_driver -DCMAKE_INSTALL_PREFIX=/ros2_ws/ros2_docker_ur5/install/robotiq_driver
[0.097s] -- The CXX compiler identification is GNU 11.4.0
[0.103s] -- Detecting CXX compiler ABI info
[0.167s] -- Detecting CXX compiler ABI info - done
[0.173s] -- Check for working CXX compiler: /usr/bin/c++ - skipped
[0.173s] -- Detecting CXX compile features
[0.174s] -- Detecting CXX compile features - done
[0.179s] -- Found ament_cmake: 1.3.12 (/opt/ros/humble/share/ament_cmake/cmake)
[0.287s] -- Found Python3: /usr/bin/python3 (found version "3.10.12") found components: Interpreter 
[0.373s] -- Found hardware_interface: 2.52.2 (/opt/ros/humble/share/hardware_interface/cmake)
[0.437s] -- Found rosidl_generator_c: 3.1.7 (/opt/ros/humble/share/rosidl_generator_c/cmake)
[0.446s] -- Found rosidl_adapter: 3.1.7 (/opt/ros/humble/share/rosidl_adapter/cmake)
[0.460s] -- Found rosidl_generator_cpp: 3.1.7 (/opt/ros/humble/share/rosidl_generator_cpp/cmake)
[0.483s] -- Using all available rosidl_typesupport_c: rosidl_typesupport_fastrtps_c;rosidl_typesupport_introspection_c
[0.504s] -- Using all available rosidl_typesupport_cpp: rosidl_typesupport_fastrtps_cpp;rosidl_typesupport_introspection_cpp
[0.777s] -- Found rmw_implementation_cmake: 6.1.2 (/opt/ros/humble/share/rmw_implementation_cmake/cmake)
[0.781s] -- Found rmw_fastrtps_cpp: 6.2.9 (/opt/ros/humble/share/rmw_fastrtps_cpp/cmake)
[0.819s] -- Found TinyXML2 via Config file: TinyXML2_DIR-NOTFOUND
[0.865s] -- Found OpenSSL: /usr/lib/x86_64-linux-gnu/libcrypto.so (found version "3.0.2")  
[0.869s] -- Found TinyXML2 via Config file: TinyXML2_DIR-NOTFOUND
[0.879s] -- Found FastRTPS: /opt/ros/humble/include  
[0.882s] -- Found TinyXML2 via Config file: TinyXML2_DIR-NOTFOUND
[0.888s] -- Found TinyXML2 via Config file: TinyXML2_DIR-NOTFOUND
[0.895s] -- Using RMW implementation 'rmw_fastrtps_cpp' as default
[0.910s] -- Looking for C++ include pthread.h
[0.977s] -- Looking for C++ include pthread.h - found
[0.977s] -- Performing Test CMAKE_HAVE_LIBC_PTHREAD
[1.050s] -- Performing Test CMAKE_HAVE_LIBC_PTHREAD - Success
[1.050s] -- Found Threads: TRUE  
[1.102s] [31mCMake Error at CMakeLists.txt:18 (find_package):
[1.102s]   By not providing "Findserial.cmake" in CMAKE_MODULE_PATH this project has
[1.102s]   asked CMake to find a package configuration file provided by "serial", but
[1.102s]   CMake did not find one.
[1.102s] 
[1.102s]   Could not find a package configuration file provided by "serial" with any
[1.102s]   of the following names:
[1.102s] 
[1.102s]     serialConfig.cmake
[1.102s]     serial-config.cmake
[1.102s] 
[1.102s]   Add the installation prefix of "serial" to CMAKE_PREFIX_PATH or set
[1.102s]   "serial_DIR" to a directory containing one of the above files.  If "serial"
[1.103s]   provides a separate development package or SDK, be sure it has been
[1.103s]   installed.
[1.103s] 
[1.103s] [0m
[1.103s] -- Configuring incomplete, errors occurred!
[1.103s] See also "/ros2_ws/ros2_docker_ur5/build/robotiq_driver/CMakeFiles/CMakeOutput.log".
