[0.007s] Invoking command in '/ros2_ws/build/ur_simulation_gazebo': AMENT_PREFIX_PATH=/ros2_ws/install/ur_description:${AMENT_PREFIX_PATH} CMAKE_PREFIX_PATH=/ros2_ws/install/ur_description:/opt/ros/humble /usr/bin/cmake /ros2_ws/Universal_Robots_ROS2_Gazebo_Simulation/ur_simulation_gazebo -DCMAKE_INSTALL_PREFIX=/ros2_ws/install/ur_simulation_gazebo
[0.049s] -- The C compiler identification is GNU 11.4.0
[0.091s] -- The CXX compiler identification is GNU 11.4.0
[0.096s] -- Detecting C compiler ABI info
[0.149s] -- Detecting C compiler ABI info - done
[0.154s] -- Check for working C compiler: /usr/bin/cc - skipped
[0.155s] -- Detecting C compile features
[0.155s] -- Detecting C compile features - done
[0.157s] -- Detecting CXX compiler ABI info
[0.217s] -- Detecting CXX compiler ABI info - done
[0.223s] -- Check for working CXX compiler: /usr/bin/c++ - skipped
[0.223s] -- Detecting CXX compile features
[0.223s] -- Detecting CXX compile features - done
[0.227s] -- Found ament_cmake: 1.3.12 (/opt/ros/humble/share/ament_cmake/cmake)
[0.328s] -- Found Python3: /usr/bin/python3 (found version "3.10.12") found components: Interpreter 
[0.424s] -- Found launch_testing_ament_cmake: 1.0.11 (/opt/ros/humble/share/launch_testing_ament_cmake/cmake)
[0.427s] -- Found python_cmake_module: 0.10.0 (/opt/ros/humble/share/python_cmake_module/cmake)
[0.440s] -- Found PythonInterp: /usr/bin/python3 (found suitable version "3.10.12", minimum required is "3.6") 
[0.450s] -- Found PythonLibs: /usr/lib/x86_64-linux-gnu/libpython3.10.so (found suitable version "3.10.12", minimum required is "3.5") 
[0.450s] -- Using PYTHON_EXECUTABLE: /usr/bin/python3
[0.450s] -- Using PYTHON_INCLUDE_DIRS: /usr/include/python3.10
[0.450s] -- Using PYTHON_LIBRARIES: /usr/lib/x86_64-linux-gnu/libpython3.10.so
[0.462s] -- Found PythonExtra: .so  
[0.464s] -- Found ament_cmake_pytest: 1.3.12 (/opt/ros/humble/share/ament_cmake_pytest/cmake)
[0.515s] -- Configuring done
[0.519s] -- Generating done
[0.520s] -- Build files have been written to: /ros2_ws/build/ur_simulation_gazebo
[0.525s] Invoked command in '/ros2_ws/build/ur_simulation_gazebo' returned '0': AMENT_PREFIX_PATH=/ros2_ws/install/ur_description:${AMENT_PREFIX_PATH} CMAKE_PREFIX_PATH=/ros2_ws/install/ur_description:/opt/ros/humble /usr/bin/cmake /ros2_ws/Universal_Robots_ROS2_Gazebo_Simulation/ur_simulation_gazebo -DCMAKE_INSTALL_PREFIX=/ros2_ws/install/ur_simulation_gazebo
[0.526s] Invoking command in '/ros2_ws/build/ur_simulation_gazebo': AMENT_PREFIX_PATH=/ros2_ws/install/ur_description:${AMENT_PREFIX_PATH} CMAKE_PREFIX_PATH=/ros2_ws/install/ur_description:/opt/ros/humble /usr/bin/cmake --build /ros2_ws/build/ur_simulation_gazebo -- -j12 -l12
[0.553s] Invoked command in '/ros2_ws/build/ur_simulation_gazebo' returned '0': AMENT_PREFIX_PATH=/ros2_ws/install/ur_description:${AMENT_PREFIX_PATH} CMAKE_PREFIX_PATH=/ros2_ws/install/ur_description:/opt/ros/humble /usr/bin/cmake --build /ros2_ws/build/ur_simulation_gazebo -- -j12 -l12
[0.554s] Invoking command in '/ros2_ws/build/ur_simulation_gazebo': AMENT_PREFIX_PATH=/ros2_ws/install/ur_description:${AMENT_PREFIX_PATH} CMAKE_PREFIX_PATH=/ros2_ws/install/ur_description:/opt/ros/humble /usr/bin/cmake --install /ros2_ws/build/ur_simulation_gazebo
[0.559s] -- Install configuration: ""
[0.559s] -- Installing: /ros2_ws/install/ur_simulation_gazebo/share/ur_simulation_gazebo/config
[0.560s] -- Installing: /ros2_ws/install/ur_simulation_gazebo/share/ur_simulation_gazebo/config/ur_controllers.yaml
[0.560s] -- Installing: /ros2_ws/install/ur_simulation_gazebo/share/ur_simulation_gazebo/launch
[0.560s] -- Installing: /ros2_ws/install/ur_simulation_gazebo/share/ur_simulation_gazebo/launch/ur_sim_moveit.launch.py
[0.560s] -- Installing: /ros2_ws/install/ur_simulation_gazebo/share/ur_simulation_gazebo/launch/ur_sim_control.launch.py
[0.561s] -- Installing: /ros2_ws/install/ur_simulation_gazebo/share/ament_index/resource_index/package_run_dependencies/ur_simulation_gazebo
[0.561s] -- Installing: /ros2_ws/install/ur_simulation_gazebo/share/ament_index/resource_index/parent_prefix_path/ur_simulation_gazebo
[0.562s] -- Installing: /ros2_ws/install/ur_simulation_gazebo/share/ur_simulation_gazebo/environment/ament_prefix_path.sh
[0.562s] -- Installing: /ros2_ws/install/ur_simulation_gazebo/share/ur_simulation_gazebo/environment/ament_prefix_path.dsv
[0.562s] -- Installing: /ros2_ws/install/ur_simulation_gazebo/share/ur_simulation_gazebo/environment/path.sh
[0.562s] -- Installing: /ros2_ws/install/ur_simulation_gazebo/share/ur_simulation_gazebo/environment/path.dsv
[0.562s] -- Installing: /ros2_ws/install/ur_simulation_gazebo/share/ur_simulation_gazebo/local_setup.bash
[0.562s] -- Installing: /ros2_ws/install/ur_simulation_gazebo/share/ur_simulation_gazebo/local_setup.sh
[0.562s] -- Installing: /ros2_ws/install/ur_simulation_gazebo/share/ur_simulation_gazebo/local_setup.zsh
[0.563s] -- Installing: /ros2_ws/install/ur_simulation_gazebo/share/ur_simulation_gazebo/local_setup.dsv
[0.563s] -- Installing: /ros2_ws/install/ur_simulation_gazebo/share/ur_simulation_gazebo/package.dsv
[0.563s] -- Installing: /ros2_ws/install/ur_simulation_gazebo/share/ament_index/resource_index/packages/ur_simulation_gazebo
[0.563s] -- Installing: /ros2_ws/install/ur_simulation_gazebo/share/ur_simulation_gazebo/cmake/ur_simulation_gazeboConfig.cmake
[0.563s] -- Installing: /ros2_ws/install/ur_simulation_gazebo/share/ur_simulation_gazebo/cmake/ur_simulation_gazeboConfig-version.cmake
[0.563s] -- Installing: /ros2_ws/install/ur_simulation_gazebo/share/ur_simulation_gazebo/package.xml
[0.565s] Invoked command in '/ros2_ws/build/ur_simulation_gazebo' returned '0': AMENT_PREFIX_PATH=/ros2_ws/install/ur_description:${AMENT_PREFIX_PATH} CMAKE_PREFIX_PATH=/ros2_ws/install/ur_description:/opt/ros/humble /usr/bin/cmake --install /ros2_ws/build/ur_simulation_gazebo
