[0.012s] Invoking command in '/ros2_ws/build/ur_description': CMAKE_PREFIX_PATH=/opt/ros/humble /usr/bin/cmake /ros2_ws/Universal_Robots_ROS2_Description -DCMAKE_INSTALL_PREFIX=/ros2_ws/install/ur_description
[0.137s] -- The C compiler identification is GNU 11.4.0
[0.203s] -- The CXX compiler identification is GNU 11.4.0
[0.213s] -- Detecting C compiler ABI info
[0.272s] -- Detecting C compiler ABI info - done
[0.278s] -- Check for working C compiler: /usr/bin/cc - skipped
[0.278s] -- Detecting C compile features
[0.279s] -- Detecting C compile features - done
[0.282s] -- Detecting CXX compiler ABI info
[0.343s] -- Detecting CXX compiler ABI info - done
[0.349s] -- Check for working CXX compiler: /usr/bin/c++ - skipped
[0.349s] -- Detecting CXX compile features
[0.349s] -- Detecting CXX compile features - done
[0.372s] -- Found ament_cmake: 1.3.12 (/opt/ros/humble/share/ament_cmake/cmake)
[0.478s] -- Found Python3: /usr/bin/python3 (found version "3.10.12") found components: Interpreter 
[0.580s] -- Found ament_cmake_pytest: 1.3.12 (/opt/ros/humble/share/ament_cmake_pytest/cmake)
[1.194s] -- Configuring done
[1.198s] -- Generating done
[1.200s] -- Build files have been written to: /ros2_ws/build/ur_description
[1.205s] Invoked command in '/ros2_ws/build/ur_description' returned '0': CMAKE_PREFIX_PATH=/opt/ros/humble /usr/bin/cmake /ros2_ws/Universal_Robots_ROS2_Description -DCMAKE_INSTALL_PREFIX=/ros2_ws/install/ur_description
[1.206s] Invoking command in '/ros2_ws/build/ur_description': CMAKE_PREFIX_PATH=/opt/ros/humble /usr/bin/cmake --build /ros2_ws/build/ur_description -- -j12 -l12
[1.233s] Invoked command in '/ros2_ws/build/ur_description' returned '0': CMAKE_PREFIX_PATH=/opt/ros/humble /usr/bin/cmake --build /ros2_ws/build/ur_description -- -j12 -l12
[1.241s] Invoking command in '/ros2_ws/build/ur_description': CMAKE_PREFIX_PATH=/opt/ros/humble /usr/bin/cmake --install /ros2_ws/build/ur_description
[1.246s] -- Install configuration: ""
[1.246s] -- Installing: /ros2_ws/install/ur_description/share/ur_description/config
[1.247s] -- Installing: /ros2_ws/install/ur_description/share/ur_description/config/ur10
[1.247s] -- Installing: /ros2_ws/install/ur_description/share/ur_description/config/ur10/joint_limits.yaml
[1.247s] -- Installing: /ros2_ws/install/ur_description/share/ur_description/config/ur10/default_kinematics.yaml
[1.247s] -- Installing: /ros2_ws/install/ur_description/share/ur_description/config/ur10/visual_parameters.yaml
[1.247s] -- Installing: /ros2_ws/install/ur_description/share/ur_description/config/ur10/physical_parameters.yaml
[1.247s] -- Installing: /ros2_ws/install/ur_description/share/ur_description/config/ur10e
[1.248s] -- Installing: /ros2_ws/install/ur_description/share/ur_description/config/ur10e/joint_limits.yaml
[1.248s] -- Installing: /ros2_ws/install/ur_description/share/ur_description/config/ur10e/default_kinematics.yaml
[1.248s] -- Installing: /ros2_ws/install/ur_description/share/ur_description/config/ur10e/visual_parameters.yaml
[1.248s] -- Installing: /ros2_ws/install/ur_description/share/ur_description/config/ur10e/physical_parameters.yaml
[1.248s] -- Installing: /ros2_ws/install/ur_description/share/ur_description/config/ur5e
[1.248s] -- Installing: /ros2_ws/install/ur_description/share/ur_description/config/ur5e/joint_limits.yaml
[1.248s] -- Installing: /ros2_ws/install/ur_description/share/ur_description/config/ur5e/default_kinematics.yaml
[1.249s] -- Installing: /ros2_ws/install/ur_description/share/ur_description/config/ur5e/visual_parameters.yaml
[1.249s] -- Installing: /ros2_ws/install/ur_description/share/ur_description/config/ur5e/physical_parameters.yaml
[1.249s] -- Installing: /ros2_ws/install/ur_description/share/ur_description/config/ur8long
[1.249s] -- Installing: /ros2_ws/install/ur_description/share/ur_description/config/ur8long/joint_limits.yaml
[1.249s] -- Installing: /ros2_ws/install/ur_description/share/ur_description/config/ur8long/default_kinematics.yaml
[1.249s] -- Installing: /ros2_ws/install/ur_description/share/ur_description/config/ur8long/visual_parameters.yaml
[1.249s] -- Installing: /ros2_ws/install/ur_description/share/ur_description/config/ur8long/physical_parameters.yaml
[1.249s] -- Installing: /ros2_ws/install/ur_description/share/ur_description/config/ur30
[1.250s] -- Installing: /ros2_ws/install/ur_description/share/ur_description/config/ur30/joint_limits.yaml
[1.250s] -- Installing: /ros2_ws/install/ur_description/share/ur_description/config/ur30/default_kinematics.yaml
[1.250s] -- Installing: /ros2_ws/install/ur_description/share/ur_description/config/ur30/visual_parameters.yaml
[1.250s] -- Installing: /ros2_ws/install/ur_description/share/ur_description/config/ur30/physical_parameters.yaml
[1.250s] -- Installing: /ros2_ws/install/ur_description/share/ur_description/config/ur7e
[1.250s] -- Installing: /ros2_ws/install/ur_description/share/ur_description/config/ur7e/joint_limits.yaml
[1.251s] -- Installing: /ros2_ws/install/ur_description/share/ur_description/config/ur7e/default_kinematics.yaml
[1.251s] -- Installing: /ros2_ws/install/ur_description/share/ur_description/config/ur7e/visual_parameters.yaml
[1.251s] -- Installing: /ros2_ws/install/ur_description/share/ur_description/config/ur7e/physical_parameters.yaml
[1.251s] -- Installing: /ros2_ws/install/ur_description/share/ur_description/config/ur12e
[1.251s] -- Installing: /ros2_ws/install/ur_description/share/ur_description/config/ur12e/joint_limits.yaml
[1.251s] -- Installing: /ros2_ws/install/ur_description/share/ur_description/config/ur12e/default_kinematics.yaml
[1.251s] -- Installing: /ros2_ws/install/ur_description/share/ur_description/config/ur12e/visual_parameters.yaml
[1.252s] -- Installing: /ros2_ws/install/ur_description/share/ur_description/config/ur12e/physical_parameters.yaml
[1.252s] -- Installing: /ros2_ws/install/ur_description/share/ur_description/config/ur16e
[1.252s] -- Installing: /ros2_ws/install/ur_description/share/ur_description/config/ur16e/joint_limits.yaml
[1.252s] -- Installing: /ros2_ws/install/ur_description/share/ur_description/config/ur16e/default_kinematics.yaml
[1.252s] -- Installing: /ros2_ws/install/ur_description/share/ur_description/config/ur16e/visual_parameters.yaml
[1.252s] -- Installing: /ros2_ws/install/ur_description/share/ur_description/config/ur16e/physical_parameters.yaml
[1.252s] -- Installing: /ros2_ws/install/ur_description/share/ur_description/config/ur15
[1.252s] -- Installing: /ros2_ws/install/ur_description/share/ur_description/config/ur15/joint_limits.yaml
[1.253s] -- Installing: /ros2_ws/install/ur_description/share/ur_description/config/ur15/default_kinematics.yaml
[1.253s] -- Installing: /ros2_ws/install/ur_description/share/ur_description/config/ur15/visual_parameters.yaml
[1.253s] -- Installing: /ros2_ws/install/ur_description/share/ur_description/config/ur15/physical_parameters.yaml
[1.253s] -- Installing: /ros2_ws/install/ur_description/share/ur_description/config/ur3
[1.253s] -- Installing: /ros2_ws/install/ur_description/share/ur_description/config/ur3/joint_limits.yaml
[1.253s] -- Installing: /ros2_ws/install/ur_description/share/ur_description/config/ur3/default_kinematics.yaml
[1.253s] -- Installing: /ros2_ws/install/ur_description/share/ur_description/config/ur3/visual_parameters.yaml
[1.254s] -- Installing: /ros2_ws/install/ur_description/share/ur_description/config/ur3/physical_parameters.yaml
[1.254s] -- Installing: /ros2_ws/install/ur_description/share/ur_description/config/ur18
[1.254s] -- Installing: /ros2_ws/install/ur_description/share/ur_description/config/ur18/joint_limits.yaml
[1.254s] -- Installing: /ros2_ws/install/ur_description/share/ur_description/config/ur18/default_kinematics.yaml
[1.254s] -- Installing: /ros2_ws/install/ur_description/share/ur_description/config/ur18/visual_parameters.yaml
[1.254s] -- Installing: /ros2_ws/install/ur_description/share/ur_description/config/ur18/physical_parameters.yaml
[1.254s] -- Installing: /ros2_ws/install/ur_description/share/ur_description/config/initial_positions.yaml
[1.255s] -- Installing: /ros2_ws/install/ur_description/share/ur_description/config/ur5
[1.255s] -- Installing: /ros2_ws/install/ur_description/share/ur_description/config/ur5/joint_limits.yaml
[1.255s] -- Installing: /ros2_ws/install/ur_description/share/ur_description/config/ur5/default_kinematics.yaml
[1.255s] -- Installing: /ros2_ws/install/ur_description/share/ur_description/config/ur5/visual_parameters.yaml
[1.255s] -- Installing: /ros2_ws/install/ur_description/share/ur_description/config/ur5/physical_parameters.yaml
[1.255s] -- Installing: /ros2_ws/install/ur_description/share/ur_description/config/ur20
[1.255s] -- Installing: /ros2_ws/install/ur_description/share/ur_description/config/ur20/joint_limits.yaml
[1.255s] -- Installing: /ros2_ws/install/ur_description/share/ur_description/config/ur20/default_kinematics.yaml
[1.256s] -- Installing: /ros2_ws/install/ur_description/share/ur_description/config/ur20/visual_parameters.yaml
[1.256s] -- Installing: /ros2_ws/install/ur_description/share/ur_description/config/ur20/physical_parameters.yaml
[1.256s] -- Installing: /ros2_ws/install/ur_description/share/ur_description/config/ur3e
[1.256s] -- Installing: /ros2_ws/install/ur_description/share/ur_description/config/ur3e/joint_limits.yaml
[1.256s] -- Installing: /ros2_ws/install/ur_description/share/ur_description/config/ur3e/default_kinematics.yaml
[1.256s] -- Installing: /ros2_ws/install/ur_description/share/ur_description/config/ur3e/visual_parameters.yaml
[1.256s] -- Installing: /ros2_ws/install/ur_description/share/ur_description/config/ur3e/physical_parameters.yaml
[1.257s] -- Installing: /ros2_ws/install/ur_description/share/ur_description/launch
[1.257s] -- Installing: /ros2_ws/install/ur_description/share/ur_description/launch/view_ur.launch.py
[1.257s] -- Installing: /ros2_ws/install/ur_description/share/ur_description/meshes
[1.257s] -- Installing: /ros2_ws/install/ur_description/share/ur_description/meshes/ur10
[1.257s] -- Installing: /ros2_ws/install/ur_description/share/ur_description/meshes/ur10/visual
[1.257s] -- Installing: /ros2_ws/install/ur_description/share/ur_description/meshes/ur10/visual/upperarm.dae
[1.260s] -- Installing: /ros2_ws/install/ur_description/share/ur_description/meshes/ur10/visual/wrist3.dae
[1.260s] -- Installing: /ros2_ws/install/ur_description/share/ur_description/meshes/ur10/visual/base.dae
[1.260s] -- Installing: /ros2_ws/install/ur_description/share/ur_description/meshes/ur10/visual/shoulder.dae
[1.262s] -- Installing: /ros2_ws/install/ur_description/share/ur_description/meshes/ur10/visual/wrist2.dae
[1.264s] -- Installing: /ros2_ws/install/ur_description/share/ur_description/meshes/ur10/visual/wrist1.dae
[1.266s] -- Installing: /ros2_ws/install/ur_description/share/ur_description/meshes/ur10/visual/forearm.dae
[1.269s] -- Installing: /ros2_ws/install/ur_description/share/ur_description/meshes/ur10/collision
[1.269s] -- Installing: /ros2_ws/install/ur_description/share/ur_description/meshes/ur10/collision/base.stl
[1.269s] -- Installing: /ros2_ws/install/ur_description/share/ur_description/meshes/ur10/collision/forearm.stl
[1.269s] -- Installing: /ros2_ws/install/ur_description/share/ur_description/meshes/ur10/collision/upperarm.stl
[1.269s] -- Installing: /ros2_ws/install/ur_description/share/ur_description/meshes/ur10/collision/wrist3.stl
[1.269s] -- Installing: /ros2_ws/install/ur_description/share/ur_description/meshes/ur10/collision/wrist1.stl
[1.270s] -- Installing: /ros2_ws/install/ur_description/share/ur_description/meshes/ur10/collision/wrist2.stl
[1.270s] -- Installing: /ros2_ws/install/ur_description/share/ur_description/meshes/ur10/collision/shoulder.stl
[1.270s] -- Installing: /ros2_ws/install/ur_description/share/ur_description/meshes/ur10e
[1.270s] -- Installing: /ros2_ws/install/ur_description/share/ur_description/meshes/ur10e/visual
[1.270s] -- Installing: /ros2_ws/install/ur_description/share/ur_description/meshes/ur10e/visual/upperarm.dae
[1.274s] -- Installing: /ros2_ws/install/ur_description/share/ur_description/meshes/ur10e/visual/wrist3.dae
[1.275s] -- Installing: /ros2_ws/install/ur_description/share/ur_description/meshes/ur10e/visual/base.dae
[1.275s] -- Installing: /ros2_ws/install/ur_description/share/ur_description/meshes/ur10e/visual/shoulder.dae
[1.278s] -- Installing: /ros2_ws/install/ur_description/share/ur_description/meshes/ur10e/visual/wrist2.dae
[1.280s] -- Installing: /ros2_ws/install/ur_description/share/ur_description/meshes/ur10e/visual/wrist1.dae
[1.282s] -- Installing: /ros2_ws/install/ur_description/share/ur_description/meshes/ur10e/visual/forearm.dae
[1.284s] -- Installing: /ros2_ws/install/ur_description/share/ur_description/meshes/ur10e/collision
[1.284s] -- Installing: /ros2_ws/install/ur_description/share/ur_description/meshes/ur10e/collision/base.stl
[1.284s] -- Installing: /ros2_ws/install/ur_description/share/ur_description/meshes/ur10e/collision/forearm.stl
[1.285s] -- Installing: /ros2_ws/install/ur_description/share/ur_description/meshes/ur10e/collision/upperarm.stl
[1.285s] -- Installing: /ros2_ws/install/ur_description/share/ur_description/meshes/ur10e/collision/wrist3.stl
[1.285s] -- Installing: /ros2_ws/install/ur_description/share/ur_description/meshes/ur10e/collision/wrist1.stl
[1.285s] -- Installing: /ros2_ws/install/ur_description/share/ur_description/meshes/ur10e/collision/wrist2.stl
[1.285s] -- Installing: /ros2_ws/install/ur_description/share/ur_description/meshes/ur10e/collision/shoulder.stl
[1.286s] -- Installing: /ros2_ws/install/ur_description/share/ur_description/meshes/ur5e
[1.286s] -- Installing: /ros2_ws/install/ur_description/share/ur_description/meshes/ur5e/visual
[1.286s] -- Installing: /ros2_ws/install/ur_description/share/ur_description/meshes/ur5e/visual/upperarm.dae
[1.290s] -- Installing: /ros2_ws/install/ur_description/share/ur_description/meshes/ur5e/visual/wrist3.dae
[1.290s] -- Installing: /ros2_ws/install/ur_description/share/ur_description/meshes/ur5e/visual/base.dae
[1.291s] -- Installing: /ros2_ws/install/ur_description/share/ur_description/meshes/ur5e/visual/shoulder.dae
[1.293s] -- Installing: /ros2_ws/install/ur_description/share/ur_description/meshes/ur5e/visual/wrist2.dae
[1.295s] -- Installing: /ros2_ws/install/ur_description/share/ur_description/meshes/ur5e/visual/wrist1.dae
[1.297s] -- Installing: /ros2_ws/install/ur_description/share/ur_description/meshes/ur5e/visual/forearm.dae
[1.299s] -- Installing: /ros2_ws/install/ur_description/share/ur_description/meshes/ur5e/collision
[1.299s] -- Installing: /ros2_ws/install/ur_description/share/ur_description/meshes/ur5e/collision/base.stl
[1.299s] -- Installing: /ros2_ws/install/ur_description/share/ur_description/meshes/ur5e/collision/forearm.stl
[1.300s] -- Installing: /ros2_ws/install/ur_description/share/ur_description/meshes/ur5e/collision/upperarm.stl
[1.300s] -- Installing: /ros2_ws/install/ur_description/share/ur_description/meshes/ur5e/collision/wrist3.stl
[1.300s] -- Installing: /ros2_ws/install/ur_description/share/ur_description/meshes/ur5e/collision/wrist1.stl
[1.300s] -- Installing: /ros2_ws/install/ur_description/share/ur_description/meshes/ur5e/collision/wrist2.stl
[1.300s] -- Installing: /ros2_ws/install/ur_description/share/ur_description/meshes/ur5e/collision/shoulder.stl
[1.301s] -- Installing: /ros2_ws/install/ur_description/share/ur_description/meshes/ur8long
[1.301s] -- Installing: /ros2_ws/install/ur_description/share/ur_description/meshes/ur8long/visual
[1.301s] -- Installing: /ros2_ws/install/ur_description/share/ur_description/meshes/ur8long/visual/upperarm.dae
[1.302s] -- Installing: /ros2_ws/install/ur_description/share/ur_description/meshes/ur8long/visual/forearm.dae
[1.303s] -- Installing: /ros2_ws/install/ur_description/share/ur_description/meshes/ur8long/visual/UR8Long_DIFF_8bit_2K.jpg
[1.303s] -- Installing: /ros2_ws/install/ur_description/share/ur_description/meshes/ur8long/LICENSE.txt
[1.303s] -- Installing: /ros2_ws/install/ur_description/share/ur_description/meshes/ur8long/collision
[1.303s] -- Installing: /ros2_ws/install/ur_description/share/ur_description/meshes/ur8long/collision/forearm.stl
[1.304s] -- Installing: /ros2_ws/install/ur_description/share/ur_description/meshes/ur8long/collision/upperarm.stl
[1.304s] -- Installing: /ros2_ws/install/ur_description/share/ur_description/meshes/ur30
[1.304s] -- Installing: /ros2_ws/install/ur_description/share/ur_description/meshes/ur30/visual
[1.304s] -- Installing: /ros2_ws/install/ur_description/share/ur_description/meshes/ur30/visual/upperarm.dae
[1.305s] -- Installing: /ros2_ws/install/ur_description/share/ur_description/meshes/ur30/visual/forearm.dae
[1.307s] -- Installing: /ros2_ws/install/ur_description/share/ur_description/meshes/ur30/visual/UR30_DIFF_8bit_2K.png
[1.309s] -- Installing: /ros2_ws/install/ur_description/share/ur_description/meshes/ur30/LICENSE.txt
[1.309s] -- Installing: /ros2_ws/install/ur_description/share/ur_description/meshes/ur30/collision
[1.309s] -- Installing: /ros2_ws/install/ur_description/share/ur_description/meshes/ur30/collision/forearm.stl
[1.310s] -- Installing: /ros2_ws/install/ur_description/share/ur_description/meshes/ur30/collision/upperarm.stl
[1.310s] -- Installing: /ros2_ws/install/ur_description/share/ur_description/meshes/ur16e
[1.310s] -- Installing: /ros2_ws/install/ur_description/share/ur_description/meshes/ur16e/visual
[1.310s] -- Installing: /ros2_ws/install/ur_description/share/ur_description/meshes/ur16e/visual/upperarm.dae
[1.315s] -- Installing: /ros2_ws/install/ur_description/share/ur_description/meshes/ur16e/visual/forearm.dae
[1.318s] -- Installing: /ros2_ws/install/ur_description/share/ur_description/meshes/ur16e/collision
[1.318s] -- Installing: /ros2_ws/install/ur_description/share/ur_description/meshes/ur16e/collision/forearm.stl
[1.318s] -- Installing: /ros2_ws/install/ur_description/share/ur_description/meshes/ur16e/collision/upperarm.stl
[1.319s] -- Installing: /ros2_ws/install/ur_description/share/ur_description/meshes/ur15
[1.319s] -- Installing: /ros2_ws/install/ur_description/share/ur_description/meshes/ur15/visual
[1.319s] -- Installing: /ros2_ws/install/ur_description/share/ur_description/meshes/ur15/visual/upperarm.dae
[1.320s] -- Installing: /ros2_ws/install/ur_description/share/ur_description/meshes/ur15/visual/wrist3.dae
[1.320s] -- Installing: /ros2_ws/install/ur_description/share/ur_description/meshes/ur15/visual/base.dae
[1.321s] -- Installing: /ros2_ws/install/ur_description/share/ur_description/meshes/ur15/visual/shoulder.dae
[1.321s] -- Installing: /ros2_ws/install/ur_description/share/ur_description/meshes/ur15/visual/UR15_DIFF_8bit_2K.jpg
[1.322s] -- Installing: /ros2_ws/install/ur_description/share/ur_description/meshes/ur15/visual/wrist2.dae
[1.322s] -- Installing: /ros2_ws/install/ur_description/share/ur_description/meshes/ur15/visual/wrist1.dae
[1.323s] -- Installing: /ros2_ws/install/ur_description/share/ur_description/meshes/ur15/visual/forearm.dae
[1.324s] -- Installing: /ros2_ws/install/ur_description/share/ur_description/meshes/ur15/LICENSE.txt
[1.324s] -- Installing: /ros2_ws/install/ur_description/share/ur_description/meshes/ur15/collision
[1.324s] -- Installing: /ros2_ws/install/ur_description/share/ur_description/meshes/ur15/collision/base.stl
[1.325s] -- Installing: /ros2_ws/install/ur_description/share/ur_description/meshes/ur15/collision/forearm.stl
[1.325s] -- Installing: /ros2_ws/install/ur_description/share/ur_description/meshes/ur15/collision/upperarm.stl
[1.325s] -- Installing: /ros2_ws/install/ur_description/share/ur_description/meshes/ur15/collision/wrist3.stl
[1.325s] -- Installing: /ros2_ws/install/ur_description/share/ur_description/meshes/ur15/collision/wrist1.stl
[1.325s] -- Installing: /ros2_ws/install/ur_description/share/ur_description/meshes/ur15/collision/wrist2.stl
[1.326s] -- Installing: /ros2_ws/install/ur_description/share/ur_description/meshes/ur15/collision/shoulder.stl
[1.326s] -- Installing: /ros2_ws/install/ur_description/share/ur_description/meshes/ur3
[1.326s] -- Installing: /ros2_ws/install/ur_description/share/ur_description/meshes/ur3/visual
[1.326s] -- Installing: /ros2_ws/install/ur_description/share/ur_description/meshes/ur3/visual/upperarm.dae
[1.330s] -- Installing: /ros2_ws/install/ur_description/share/ur_description/meshes/ur3/visual/wrist3.dae
[1.330s] -- Installing: /ros2_ws/install/ur_description/share/ur_description/meshes/ur3/visual/base.dae
[1.331s] -- Installing: /ros2_ws/install/ur_description/share/ur_description/meshes/ur3/visual/shoulder.dae
[1.333s] -- Installing: /ros2_ws/install/ur_description/share/ur_description/meshes/ur3/visual/wrist2.dae
[1.334s] -- Installing: /ros2_ws/install/ur_description/share/ur_description/meshes/ur3/visual/wrist1.dae
[1.335s] -- Installing: /ros2_ws/install/ur_description/share/ur_description/meshes/ur3/visual/forearm.dae
[1.337s] -- Installing: /ros2_ws/install/ur_description/share/ur_description/meshes/ur3/collision
[1.337s] -- Installing: /ros2_ws/install/ur_description/share/ur_description/meshes/ur3/collision/base.stl
[1.338s] -- Installing: /ros2_ws/install/ur_description/share/ur_description/meshes/ur3/collision/forearm.stl
[1.339s] -- Installing: /ros2_ws/install/ur_description/share/ur_description/meshes/ur3/collision/upperarm.stl
[1.340s] -- Installing: /ros2_ws/install/ur_description/share/ur_description/meshes/ur3/collision/wrist3.stl
[1.340s] -- Installing: /ros2_ws/install/ur_description/share/ur_description/meshes/ur3/collision/wrist1.stl
[1.340s] -- Installing: /ros2_ws/install/ur_description/share/ur_description/meshes/ur3/collision/wrist2.stl
[1.341s] -- Installing: /ros2_ws/install/ur_description/share/ur_description/meshes/ur3/collision/shoulder.stl
[1.342s] -- Installing: /ros2_ws/install/ur_description/share/ur_description/meshes/ur18
[1.342s] -- Installing: /ros2_ws/install/ur_description/share/ur_description/meshes/ur18/visual
[1.342s] -- Installing: /ros2_ws/install/ur_description/share/ur_description/meshes/ur18/visual/upperarm.dae
[1.343s] -- Installing: /ros2_ws/install/ur_description/share/ur_description/meshes/ur18/visual/UR18_DIFF_8bit_2K.jpg
[1.343s] -- Installing: /ros2_ws/install/ur_description/share/ur_description/meshes/ur18/visual/forearm.dae
[1.344s] -- Installing: /ros2_ws/install/ur_description/share/ur_description/meshes/ur18/LICENSE.txt
[1.344s] -- Installing: /ros2_ws/install/ur_description/share/ur_description/meshes/ur18/collision
[1.345s] -- Installing: /ros2_ws/install/ur_description/share/ur_description/meshes/ur18/collision/forearm.stl
[1.345s] -- Installing: /ros2_ws/install/ur_description/share/ur_description/meshes/ur18/collision/upperarm.stl
[1.345s] -- Installing: /ros2_ws/install/ur_description/share/ur_description/meshes/ur5
[1.345s] -- Installing: /ros2_ws/install/ur_description/share/ur_description/meshes/ur5/visual
[1.346s] -- Installing: /ros2_ws/install/ur_description/share/ur_description/meshes/ur5/visual/upperarm.dae
[1.349s] -- Installing: /ros2_ws/install/ur_description/share/ur_description/meshes/ur5/visual/wrist3.dae
[1.349s] -- Installing: /ros2_ws/install/ur_description/share/ur_description/meshes/ur5/visual/base.dae
[1.349s] -- Installing: /ros2_ws/install/ur_description/share/ur_description/meshes/ur5/visual/shoulder.dae
[1.351s] -- Installing: /ros2_ws/install/ur_description/share/ur_description/meshes/ur5/visual/wrist2.dae
[1.353s] -- Installing: /ros2_ws/install/ur_description/share/ur_description/meshes/ur5/visual/wrist1.dae
[1.354s] -- Installing: /ros2_ws/install/ur_description/share/ur_description/meshes/ur5/visual/forearm.dae
[1.357s] -- Installing: /ros2_ws/install/ur_description/share/ur_description/meshes/ur5/collision
[1.357s] -- Installing: /ros2_ws/install/ur_description/share/ur_description/meshes/ur5/collision/base.stl
[1.357s] -- Installing: /ros2_ws/install/ur_description/share/ur_description/meshes/ur5/collision/forearm.stl
[1.357s] -- Installing: /ros2_ws/install/ur_description/share/ur_description/meshes/ur5/collision/upperarm.stl
[1.357s] -- Installing: /ros2_ws/install/ur_description/share/ur_description/meshes/ur5/collision/wrist3.stl
[1.358s] -- Installing: /ros2_ws/install/ur_description/share/ur_description/meshes/ur5/collision/wrist1.stl
[1.358s] -- Installing: /ros2_ws/install/ur_description/share/ur_description/meshes/ur5/collision/wrist2.stl
[1.358s] -- Installing: /ros2_ws/install/ur_description/share/ur_description/meshes/ur5/collision/shoulder.stl
[1.358s] -- Installing: /ros2_ws/install/ur_description/share/ur_description/meshes/ur20
[1.358s] -- Installing: /ros2_ws/install/ur_description/share/ur_description/meshes/ur20/visual
[1.359s] -- Installing: /ros2_ws/install/ur_description/share/ur_description/meshes/ur20/visual/upperarm.dae
[1.360s] -- Installing: /ros2_ws/install/ur_description/share/ur_description/meshes/ur20/visual/UR20_DIFF_8bit_2K.png
[1.362s] -- Installing: /ros2_ws/install/ur_description/share/ur_description/meshes/ur20/visual/wrist3.dae
[1.363s] -- Installing: /ros2_ws/install/ur_description/share/ur_description/meshes/ur20/visual/base.dae
[1.363s] -- Installing: /ros2_ws/install/ur_description/share/ur_description/meshes/ur20/visual/shoulder.dae
[1.364s] -- Installing: /ros2_ws/install/ur_description/share/ur_description/meshes/ur20/visual/wrist2.dae
[1.364s] -- Installing: /ros2_ws/install/ur_description/share/ur_description/meshes/ur20/visual/wrist1.dae
[1.365s] -- Installing: /ros2_ws/install/ur_description/share/ur_description/meshes/ur20/visual/forearm.dae
[1.366s] -- Installing: /ros2_ws/install/ur_description/share/ur_description/meshes/ur20/LICENSE.txt
[1.366s] -- Installing: /ros2_ws/install/ur_description/share/ur_description/meshes/ur20/collision
[1.367s] -- Installing: /ros2_ws/install/ur_description/share/ur_description/meshes/ur20/collision/base.stl
[1.367s] -- Installing: /ros2_ws/install/ur_description/share/ur_description/meshes/ur20/collision/forearm.stl
[1.367s] -- Installing: /ros2_ws/install/ur_description/share/ur_description/meshes/ur20/collision/upperarm.stl
[1.368s] -- Installing: /ros2_ws/install/ur_description/share/ur_description/meshes/ur20/collision/wrist3.stl
[1.368s] -- Installing: /ros2_ws/install/ur_description/share/ur_description/meshes/ur20/collision/wrist1.stl
[1.368s] -- Installing: /ros2_ws/install/ur_description/share/ur_description/meshes/ur20/collision/wrist2.stl
[1.368s] -- Installing: /ros2_ws/install/ur_description/share/ur_description/meshes/ur20/collision/shoulder.stl
[1.368s] -- Installing: /ros2_ws/install/ur_description/share/ur_description/meshes/ur3e
[1.368s] -- Installing: /ros2_ws/install/ur_description/share/ur_description/meshes/ur3e/visual
[1.369s] -- Installing: /ros2_ws/install/ur_description/share/ur_description/meshes/ur3e/visual/upperarm.dae
[1.374s] -- Installing: /ros2_ws/install/ur_description/share/ur_description/meshes/ur3e/visual/wrist3.dae
[1.374s] -- Installing: /ros2_ws/install/ur_description/share/ur_description/meshes/ur3e/visual/base.dae
[1.374s] -- Installing: /ros2_ws/install/ur_description/share/ur_description/meshes/ur3e/visual/shoulder.dae
[1.377s] -- Installing: /ros2_ws/install/ur_description/share/ur_description/meshes/ur3e/visual/wrist2.dae
[1.380s] -- Installing: /ros2_ws/install/ur_description/share/ur_description/meshes/ur3e/visual/wrist1.dae
[1.382s] -- Installing: /ros2_ws/install/ur_description/share/ur_description/meshes/ur3e/visual/forearm.dae
[1.384s] -- Installing: /ros2_ws/install/ur_description/share/ur_description/meshes/ur3e/collision
[1.384s] -- Installing: /ros2_ws/install/ur_description/share/ur_description/meshes/ur3e/collision/base.stl
[1.384s] -- Installing: /ros2_ws/install/ur_description/share/ur_description/meshes/ur3e/collision/forearm.stl
[1.385s] -- Installing: /ros2_ws/install/ur_description/share/ur_description/meshes/ur3e/collision/upperarm.stl
[1.385s] -- Installing: /ros2_ws/install/ur_description/share/ur_description/meshes/ur3e/collision/wrist3.stl
[1.385s] -- Installing: /ros2_ws/install/ur_description/share/ur_description/meshes/ur3e/collision/wrist1.stl
[1.385s] -- Installing: /ros2_ws/install/ur_description/share/ur_description/meshes/ur3e/collision/wrist2.stl
[1.386s] -- Installing: /ros2_ws/install/ur_description/share/ur_description/meshes/ur3e/collision/shoulder.stl
[1.386s] -- Installing: /ros2_ws/install/ur_description/share/ur_description/rviz
[1.386s] -- Installing: /ros2_ws/install/ur_description/share/ur_description/rviz/view_robot.rviz
[1.386s] -- Installing: /ros2_ws/install/ur_description/share/ur_description/urdf
[1.386s] -- Installing: /ros2_ws/install/ur_description/share/ur_description/urdf/ur.urdf.xacro
[1.386s] -- Installing: /ros2_ws/install/ur_description/share/ur_description/urdf/ur_macro.xacro
[1.387s] -- Installing: /ros2_ws/install/ur_description/share/ur_description/urdf/inc
[1.387s] -- Installing: /ros2_ws/install/ur_description/share/ur_description/urdf/inc/ur_transmissions.xacro
[1.387s] -- Installing: /ros2_ws/install/ur_description/share/ur_description/urdf/inc/ur_common.xacro
[1.387s] -- Installing: /ros2_ws/install/ur_description/share/ur_description/urdf/ur.ros2_control.xacro
[1.387s] -- Installing: /ros2_ws/install/ur_description/share/ur_description/test
[1.387s] -- Installing: /ros2_ws/install/ur_description/share/ur_description/test/test_view_ur_launch.py
[1.388s] -- Installing: /ros2_ws/install/ur_description/share/ur_description/test/test_ur_urdf_xacro.py
[1.388s] -- Installing: /ros2_ws/install/ur_description/share/ament_index/resource_index/package_run_dependencies/ur_description
[1.388s] -- Installing: /ros2_ws/install/ur_description/share/ament_index/resource_index/parent_prefix_path/ur_description
[1.389s] -- Installing: /ros2_ws/install/ur_description/share/ur_description/environment/ament_prefix_path.sh
[1.389s] -- Installing: /ros2_ws/install/ur_description/share/ur_description/environment/ament_prefix_path.dsv
[1.389s] -- Installing: /ros2_ws/install/ur_description/share/ur_description/environment/path.sh
[1.389s] -- Installing: /ros2_ws/install/ur_description/share/ur_description/environment/path.dsv
[1.389s] -- Installing: /ros2_ws/install/ur_description/share/ur_description/local_setup.bash
[1.390s] -- Installing: /ros2_ws/install/ur_description/share/ur_description/local_setup.sh
[1.390s] -- Installing: /ros2_ws/install/ur_description/share/ur_description/local_setup.zsh
[1.390s] -- Installing: /ros2_ws/install/ur_description/share/ur_description/local_setup.dsv
[1.390s] -- Installing: /ros2_ws/install/ur_description/share/ur_description/package.dsv
[1.390s] -- Installing: /ros2_ws/install/ur_description/share/ament_index/resource_index/packages/ur_description
[1.391s] -- Installing: /ros2_ws/install/ur_description/share/ur_description/cmake/ur_descriptionConfig.cmake
[1.391s] -- Installing: /ros2_ws/install/ur_description/share/ur_description/cmake/ur_descriptionConfig-version.cmake
[1.391s] -- Installing: /ros2_ws/install/ur_description/share/ur_description/package.xml
[1.393s] Invoked command in '/ros2_ws/build/ur_description' returned '0': CMAKE_PREFIX_PATH=/opt/ros/humble /usr/bin/cmake --install /ros2_ws/build/ur_description
